Der Buildvorgang wurde am 02.12.2016 17:49:40 gestartet.
     1>Projekt "D:\Documents\Studium\Prog II\GoL\GoL\GoL.vcxproj" auf Knoten "2", Build Ziel(e).
     1>ClCompile:
         C:\Program Files (x86)\Microsoft Visual Studio 12.0\VC\bin\CL.exe /c /Zi /nologo /W3 /WX- /O2 /Oi /Oy- /GL /D WIN32 /D _WINDOWS /D NDEBUG /D _UNICODE /D UNICODE /D _AFXDLL /Gm- /EHsc /MD /GS /Gy /fp:precise /Zc:wchar_t /Zc:forScope /Yc"stdafx.h" /Fp"Release\GoL.pch" /Fo"Release\\" /Fd"Release\vc120.pdb" /Gd /TP /analyze- /errorReport:prompt stdafx.cpp
         stdafx.cpp
         C:\Program Files (x86)\Microsoft Visual Studio 12.0\VC\bin\CL.exe /c /Zi /nologo /W3 /WX- /O2 /Oi /Oy- /GL /D WIN32 /D _WINDOWS /D NDEBUG /D _UNICODE /D UNICODE /D _AFXDLL /Gm- /EHsc /MD /GS /Gy /fp:precise /Zc:wchar_t /Zc:forScope /Yu"stdafx.h" /Fp"Release\GoL.pch" /Fo"Release\\" /Fd"Release\vc120.pdb" /Gd /TP /analyze- /errorReport:prompt Cell.cpp Field.cpp GoL.cpp GoLDlg.cpp Slider.cpp SpriteCon.cpp XUnzip.cpp spritelib.cpp
         Cell.cpp
         Field.cpp
     1>Field.cpp(291): warning C4244: 'Argument': Konvertierung von 'time_t' in 'unsigned int', möglicher Datenverlust
     1>Field.cpp(311): warning C4996: 'fopen': This function or variable may be unsafe. Consider using fopen_s instead. To disable deprecation, use _CRT_SECURE_NO_WARNINGS. See online help for details.
                 C:\Program Files (x86)\Microsoft Visual Studio 12.0\VC\include\stdio.h(211): Siehe Deklaration von 'fopen'
     1>Field.cpp(315): warning C4996: 'fscanf': This function or variable may be unsafe. Consider using fscanf_s instead. To disable deprecation, use _CRT_SECURE_NO_WARNINGS. See online help for details.
                 C:\Program Files (x86)\Microsoft Visual Studio 12.0\VC\include\stdio.h(230): Siehe Deklaration von 'fscanf'
     1>Field.cpp(337): warning C4996: 'fopen': This function or variable may be unsafe. Consider using fopen_s instead. To disable deprecation, use _CRT_SECURE_NO_WARNINGS. See online help for details.
                 C:\Program Files (x86)\Microsoft Visual Studio 12.0\VC\include\stdio.h(211): Siehe Deklaration von 'fopen'
         GoL.cpp
         GoLDlg.cpp
     1>GoLDlg.cpp(758): warning C4258: 'i': Die Definition von der for-Schleife wurde ignoriert. Es wurde die Definition des umschließenden Gültigkeitsbereich verwendet
                 GoLDlg.cpp(712): Definition von 'i' wurde ignoriert
                 GoLDlg.cpp(670): Definition von 'i' wurde verwendet
     1>GoLDlg.cpp(770): warning C4258: 'i': Die Definition von der for-Schleife wurde ignoriert. Es wurde die Definition des umschließenden Gültigkeitsbereich verwendet
                 GoLDlg.cpp(712): Definition von 'i' wurde ignoriert
                 GoLDlg.cpp(670): Definition von 'i' wurde verwendet
     1>GoLDlg.cpp(782): warning C4258: 'i': Die Definition von der for-Schleife wurde ignoriert. Es wurde die Definition des umschließenden Gültigkeitsbereich verwendet
                 GoLDlg.cpp(712): Definition von 'i' wurde ignoriert
                 GoLDlg.cpp(670): Definition von 'i' wurde verwendet
     1>GoLDlg.cpp(794): warning C4258: 'i': Die Definition von der for-Schleife wurde ignoriert. Es wurde die Definition des umschließenden Gültigkeitsbereich verwendet
                 GoLDlg.cpp(712): Definition von 'i' wurde ignoriert
                 GoLDlg.cpp(670): Definition von 'i' wurde verwendet
         Slider.cpp
         SpriteCon.cpp
     1>d:\documents\studium\prog ii\gol\gol\SpriteCon.h(57): warning C4520: 'CSpriteCon': Mehrere Standardkonstruktoren angegeben
         XUnzip.cpp
     1>XUnzip.cpp(3803): warning C4996: 'gmtime': This function or variable may be unsafe. Consider using gmtime_s instead. To disable deprecation, use _CRT_SECURE_NO_WARNINGS. See online help for details.
                 C:\Program Files (x86)\Microsoft Visual Studio 12.0\VC\include\time.inl(99): Siehe Deklaration von 'gmtime'
     1>XUnzip.cpp(3840): warning C4996: 'wcscat': This function or variable may be unsafe. Consider using wcscat_s instead. To disable deprecation, use _CRT_SECURE_NO_WARNINGS. See online help for details.
                 C:\Program Files (x86)\Microsoft Visual Studio 12.0\VC\include\string.h(284): Siehe Deklaration von 'wcscat'
     1>XUnzip.cpp(3889): warning C4996: 'strcpy': This function or variable may be unsafe. Consider using strcpy_s instead. To disable deprecation, use _CRT_SECURE_NO_WARNINGS. See online help for details.
                 C:\Program Files (x86)\Microsoft Visual Studio 12.0\VC\include\string.h(112): Siehe Deklaration von 'strcpy'
     1>XUnzip.cpp(3991): warning C4996: 'wcsncpy': This function or variable may be unsafe. Consider using wcsncpy_s instead. To disable deprecation, use _CRT_SECURE_NO_WARNINGS. See online help for details.
                 C:\Program Files (x86)\Microsoft Visual Studio 12.0\VC\include\string.h(323): Siehe Deklaration von 'wcsncpy'
     1>XUnzip.cpp(3997): warning C4996: 'wcscpy': This function or variable may be unsafe. Consider using wcscpy_s instead. To disable deprecation, use _CRT_SECURE_NO_WARNINGS. See online help for details.
                 C:\Program Files (x86)\Microsoft Visual Studio 12.0\VC\include\string.h(294): Siehe Deklaration von 'wcscpy'
     1>XUnzip.cpp(3998): warning C4996: 'wcscat': This function or variable may be unsafe. Consider using wcscat_s instead. To disable deprecation, use _CRT_SECURE_NO_WARNINGS. See online help for details.
                 C:\Program Files (x86)\Microsoft Visual Studio 12.0\VC\include\string.h(284): Siehe Deklaration von 'wcscat'
     1>XUnzip.cpp(4080): warning C4996: 'wcscpy': This function or variable may be unsafe. Consider using wcscpy_s instead. To disable deprecation, use _CRT_SECURE_NO_WARNINGS. See online help for details.
                 C:\Program Files (x86)\Microsoft Visual Studio 12.0\VC\include\string.h(294): Siehe Deklaration von 'wcscpy'
     1>XUnzip.cpp(4171): warning C4996: 'strncpy': This function or variable may be unsafe. Consider using strncpy_s instead. To disable deprecation, use _CRT_SECURE_NO_WARNINGS. See online help for details.
                 C:\Program Files (x86)\Microsoft Visual Studio 12.0\VC\include\string.h(195): Siehe Deklaration von 'strncpy'
         spritelib.cpp
       Link:
         C:\Program Files (x86)\Microsoft Visual Studio 12.0\VC\bin\link.exe /ERRORREPORT:PROMPT /OUT:"D:\Documents\Studium\Prog II\GoL\Release\GoL.exe" /INCREMENTAL:NO /NOLOGO /LIBPATH:winmm.lib winmm.lib /MANIFEST /MANIFESTUAC:"level='asInvoker' uiAccess='false'" /manifest:embed /manifestinput:"C:\Program Files (x86)\Microsoft Visual Studio 12.0\VC\Include\Manifest\dpiaware.manifest" /DEBUG /PDB:"D:\Documents\Studium\Prog II\GoL\Release\GoL.pdb" /SUBSYSTEM:WINDOWS /OPT:REF /OPT:ICF /LTCG /TLBID:1 /ENTRY:"wWinMainCRTStartup" /DYNAMICBASE /NXCOMPAT /IMPLIB:"D:\Documents\Studium\Prog II\GoL\Release\GoL.lib" /MACHINE:X86 /SAFESEH Release\GoL.res
         Release\Cell.obj
         Release\Field.obj
         Release\GoL.obj
         Release\GoLDlg.obj
         Release\Slider.obj
         Release\SpriteCon.obj
         Release\spritelib.obj
         Release\stdafx.obj
         Release\XUnzip.obj
         Code wird generiert.
         Codegenerierung ist abgeschlossen.
         GoL.vcxproj -> D:\Documents\Studium\Prog II\GoL\Release\GoL.exe
     1>Die Erstellung des Projekts "D:\Documents\Studium\Prog II\GoL\GoL\GoL.vcxproj" ist abgeschlossen, Build Ziel(e).

Build erfolgreich.

Verstrichene Zeit 00:00:08.98
